<?xml version="1.0" encoding="UTF-8"?>
<!-- Generated by org.testng.reporters.JUnitXMLReporter -->
<testsuite ignored="1" hostname="LAPTOP-0VHLILOQ" failures="0" tests="6" name="Default test" time="0.06" errors="0" timestamp="2022-09-10T10:32:57 IST">
  <testcase classname="testng.test1" name="messages" time="0.007"/>
  <testcase classname="testng.test1" name="calls" time="0.001"/>
  <testcase classname="testng.test1" name="calls" time="0.001"/>
  <testcase classname="testng.test1" name="calls" time="0.001"/>
  <testcase classname="testng.test1" name="calls" time="0.001"/>
  <testcase classname="testng.test1" name="calls" time="0.001"/>
  <testcase classname="testng.test1" name="settings" time="0.0">
    <ignored/>
  </testcase> <!-- settings -->
</testsuite> <!-- Default test -->
