<?xml version="1.0" encoding="UTF-8"?>
<testng-results ignored="1" total="7" passed="6" failed="0" skipped="0">
  <reporter-output>
    <line>
      <![CDATA[hai]]>
    </line>
    <line>
      <![CDATA[brother]]>
    </line>
    <line>
      <![CDATA[brother]]>
    </line>
    <line>
      <![CDATA[brother]]>
    </line>
    <line>
      <![CDATA[brother]]>
    </line>
    <line>
      <![CDATA[brother]]>
    </line>
  </reporter-output>
  <suite started-at="2022-09-10T10:32:57 IST" name="Default suite" finished-at="2022-09-10T10:32:57 IST" duration-ms="60">
    <groups>
    </groups>
    <test started-at="2022-09-10T10:32:57 IST" name="Default test" finished-at="2022-09-10T10:32:57 IST" duration-ms="60">
      <class name="testng.test1">
        <test-method signature="messages()[pri:-1, instance:testng.test1@4d910fd6]" started-at="2022-09-10T10:32:57 IST" name="messages" finished-at="2022-09-10T10:32:57 IST" duration-ms="7" status="PASS">
          <reporter-output>
            <line>
              <![CDATA[hai]]>
            </line>
          </reporter-output>
        </test-method> <!-- messages -->
        <test-method signature="calls()[pri:1, instance:testng.test1@4d910fd6]" started-at="2022-09-10T10:32:57 IST" name="calls" finished-at="2022-09-10T10:32:57 IST" duration-ms="1" status="PASS">
          <reporter-output>
            <line>
              <![CDATA[brother]]>
            </line>
          </reporter-output>
        </test-method> <!-- calls -->
        <test-method signature="calls()[pri:1, instance:testng.test1@4d910fd6]" started-at="2022-09-10T10:32:57 IST" name="calls" finished-at="2022-09-10T10:32:57 IST" duration-ms="1" status="PASS">
          <reporter-output>
            <line>
              <![CDATA[brother]]>
            </line>
          </reporter-output>
        </test-method> <!-- calls -->
        <test-method signature="calls()[pri:1, instance:testng.test1@4d910fd6]" started-at="2022-09-10T10:32:57 IST" name="calls" finished-at="2022-09-10T10:32:57 IST" duration-ms="1" status="PASS">
          <reporter-output>
            <line>
              <![CDATA[brother]]>
            </line>
          </reporter-output>
        </test-method> <!-- calls -->
        <test-method signature="calls()[pri:1, instance:testng.test1@4d910fd6]" started-at="2022-09-10T10:32:57 IST" name="calls" finished-at="2022-09-10T10:32:57 IST" duration-ms="1" status="PASS">
          <reporter-output>
            <line>
              <![CDATA[brother]]>
            </line>
          </reporter-output>
        </test-method> <!-- calls -->
        <test-method signature="calls()[pri:1, instance:testng.test1@4d910fd6]" started-at="2022-09-10T10:32:57 IST" name="calls" finished-at="2022-09-10T10:32:57 IST" duration-ms="1" status="PASS">
          <reporter-output>
            <line>
              <![CDATA[brother]]>
            </line>
          </reporter-output>
        </test-method> <!-- calls -->
      </class> <!-- testng.test1 -->
    </test> <!-- Default test -->
  </suite> <!-- Default suite -->
</testng-results>
